[debug] [2023-10-22T19:01:15.822Z] ----------------------------------------------------------------------
[debug] [2023-10-22T19:01:15.823Z] Command:       /usr/local/bin/node /usr/local/bin/firebase deploy --only functions
[debug] [2023-10-22T19:01:15.823Z] CLI Version:   12.7.0
[debug] [2023-10-22T19:01:15.823Z] Platform:      darwin
[debug] [2023-10-22T19:01:15.824Z] Node Version:  v18.16.0
[debug] [2023-10-22T19:01:15.826Z] Time:          Mon Oct 23 2023 04:01:15 GMT+0900 (대한민국 표준시)
[debug] [2023-10-22T19:01:15.826Z] ----------------------------------------------------------------------
[debug] 
[debug] [2023-10-22T19:01:15.856Z] > command requires scopes: ["email","openid","https://www.googleapis.com/auth/cloudplatformprojects.readonly","https://www.googleapis.com/auth/firebase","https://www.googleapis.com/auth/cloud-platform"]
[debug] [2023-10-22T19:01:15.856Z] > authorizing via signed-in user (kkm@bigwaverobotics.com)
[debug] [2023-10-22T19:01:15.856Z] [iam] checking project hackathon-93422 for permissions ["cloudfunctions.functions.create","cloudfunctions.functions.delete","cloudfunctions.functions.get","cloudfunctions.functions.list","cloudfunctions.functions.update","cloudfunctions.operations.get","firebase.projects.get"]
[debug] [2023-10-22T19:01:15.857Z] >>> [apiv2][query] POST https://cloudresourcemanager.googleapis.com/v1/projects/hackathon-93422:testIamPermissions [none]
[debug] [2023-10-22T19:01:15.857Z] >>> [apiv2][(partial)header] POST https://cloudresourcemanager.googleapis.com/v1/projects/hackathon-93422:testIamPermissions x-goog-quota-user=projects/hackathon-93422
[debug] [2023-10-22T19:01:15.857Z] >>> [apiv2][body] POST https://cloudresourcemanager.googleapis.com/v1/projects/hackathon-93422:testIamPermissions {"permissions":["cloudfunctions.functions.create","cloudfunctions.functions.delete","cloudfunctions.functions.get","cloudfunctions.functions.list","cloudfunctions.functions.update","cloudfunctions.operations.get","firebase.projects.get"]}
[debug] [2023-10-22T19:01:16.772Z] <<< [apiv2][status] POST https://cloudresourcemanager.googleapis.com/v1/projects/hackathon-93422:testIamPermissions 200
[debug] [2023-10-22T19:01:16.772Z] <<< [apiv2][body] POST https://cloudresourcemanager.googleapis.com/v1/projects/hackathon-93422:testIamPermissions {"permissions":["cloudfunctions.functions.create","cloudfunctions.functions.delete","cloudfunctions.functions.get","cloudfunctions.functions.list","cloudfunctions.functions.update","cloudfunctions.operations.get","firebase.projects.get"]}
[debug] [2023-10-22T19:01:16.772Z] >>> [apiv2][query] POST https://iam.googleapis.com/v1/projects/hackathon-93422/serviceAccounts/hackathon-93422@appspot.gserviceaccount.com:testIamPermissions [none]
[debug] [2023-10-22T19:01:16.772Z] >>> [apiv2][body] POST https://iam.googleapis.com/v1/projects/hackathon-93422/serviceAccounts/hackathon-93422@appspot.gserviceaccount.com:testIamPermissions {"permissions":["iam.serviceAccounts.actAs"]}
[debug] [2023-10-22T19:01:17.592Z] <<< [apiv2][status] POST https://iam.googleapis.com/v1/projects/hackathon-93422/serviceAccounts/hackathon-93422@appspot.gserviceaccount.com:testIamPermissions 200
[debug] [2023-10-22T19:01:17.592Z] <<< [apiv2][body] POST https://iam.googleapis.com/v1/projects/hackathon-93422/serviceAccounts/hackathon-93422@appspot.gserviceaccount.com:testIamPermissions {"permissions":["iam.serviceAccounts.actAs"]}
[info] 
[info] === Deploying to 'hackathon-93422'...
[info] 
[info] i  deploying functions 
[debug] [2023-10-22T19:01:17.597Z] >>> [apiv2][query] GET https://firebase.googleapis.com/v1beta1/projects/hackathon-93422 [none]
[debug] [2023-10-22T19:01:18.011Z] <<< [apiv2][status] GET https://firebase.googleapis.com/v1beta1/projects/hackathon-93422 200
[debug] [2023-10-22T19:01:18.011Z] <<< [apiv2][body] GET https://firebase.googleapis.com/v1beta1/projects/hackathon-93422 {"projectId":"hackathon-93422","projectNumber":"902404601495","displayName":"hackathon","name":"projects/hackathon-93422","resources":{"hostingSite":"hackathon-93422","realtimeDatabaseInstance":"hackathon-93422-default-rtdb","storageBucket":"hackathon-93422.appspot.com","locationId":"asia-northeast3"},"state":"ACTIVE","etag":"1_ca27c65c-46aa-4a2a-8d06-a7770faca696"}
[info] i  functions: preparing codebase default for deployment 
[info] i  functions: ensuring required API cloudfunctions.googleapis.com is enabled... 
[info] i  functions: ensuring required API cloudbuild.googleapis.com is enabled... 
[info] i  artifactregistry: ensuring required API artifactregistry.googleapis.com is enabled... 
[debug] [2023-10-22T19:01:18.013Z] >>> [apiv2][query] GET https://serviceusage.googleapis.com/v1/projects/hackathon-93422/services/cloudfunctions.googleapis.com [none]
[debug] [2023-10-22T19:01:18.013Z] >>> [apiv2][(partial)header] GET https://serviceusage.googleapis.com/v1/projects/hackathon-93422/services/cloudfunctions.googleapis.com x-goog-quota-user=projects/hackathon-93422
[debug] [2023-10-22T19:01:18.015Z] >>> [apiv2][query] GET https://serviceusage.googleapis.com/v1/projects/hackathon-93422/services/runtimeconfig.googleapis.com [none]
[debug] [2023-10-22T19:01:18.015Z] >>> [apiv2][(partial)header] GET https://serviceusage.googleapis.com/v1/projects/hackathon-93422/services/runtimeconfig.googleapis.com x-goog-quota-user=projects/hackathon-93422
[debug] [2023-10-22T19:01:18.016Z] >>> [apiv2][query] GET https://serviceusage.googleapis.com/v1/projects/hackathon-93422/services/cloudbuild.googleapis.com [none]
[debug] [2023-10-22T19:01:18.016Z] >>> [apiv2][(partial)header] GET https://serviceusage.googleapis.com/v1/projects/hackathon-93422/services/cloudbuild.googleapis.com x-goog-quota-user=projects/hackathon-93422
[debug] [2023-10-22T19:01:18.018Z] >>> [apiv2][query] GET https://serviceusage.googleapis.com/v1/projects/hackathon-93422/services/artifactregistry.googleapis.com [none]
[debug] [2023-10-22T19:01:18.018Z] >>> [apiv2][(partial)header] GET https://serviceusage.googleapis.com/v1/projects/hackathon-93422/services/artifactregistry.googleapis.com x-goog-quota-user=projects/hackathon-93422
[debug] [2023-10-22T19:01:19.207Z] <<< [apiv2][status] GET https://serviceusage.googleapis.com/v1/projects/hackathon-93422/services/runtimeconfig.googleapis.com 200
[debug] [2023-10-22T19:01:19.207Z] <<< [apiv2][body] GET https://serviceusage.googleapis.com/v1/projects/hackathon-93422/services/runtimeconfig.googleapis.com [omitted]
[debug] [2023-10-22T19:01:19.208Z] <<< [apiv2][status] GET https://serviceusage.googleapis.com/v1/projects/hackathon-93422/services/artifactregistry.googleapis.com 200
[debug] [2023-10-22T19:01:19.208Z] <<< [apiv2][body] GET https://serviceusage.googleapis.com/v1/projects/hackathon-93422/services/artifactregistry.googleapis.com [omitted]
[info] ✔  artifactregistry: required API artifactregistry.googleapis.com is enabled 
[debug] [2023-10-22T19:01:19.232Z] <<< [apiv2][status] GET https://serviceusage.googleapis.com/v1/projects/hackathon-93422/services/cloudbuild.googleapis.com 200
[debug] [2023-10-22T19:01:19.232Z] <<< [apiv2][body] GET https://serviceusage.googleapis.com/v1/projects/hackathon-93422/services/cloudbuild.googleapis.com [omitted]
[info] ✔  functions: required API cloudbuild.googleapis.com is enabled 
[debug] [2023-10-22T19:01:19.233Z] <<< [apiv2][status] GET https://serviceusage.googleapis.com/v1/projects/hackathon-93422/services/cloudfunctions.googleapis.com 200
[debug] [2023-10-22T19:01:19.233Z] <<< [apiv2][body] GET https://serviceusage.googleapis.com/v1/projects/hackathon-93422/services/cloudfunctions.googleapis.com [omitted]
[info] ✔  functions: required API cloudfunctions.googleapis.com is enabled 
[debug] [2023-10-22T19:01:19.234Z] >>> [apiv2][query] GET https://firebase.googleapis.com/v1beta1/projects/hackathon-93422/adminSdkConfig [none]
[debug] [2023-10-22T19:01:20.105Z] <<< [apiv2][status] GET https://firebase.googleapis.com/v1beta1/projects/hackathon-93422/adminSdkConfig 200
[debug] [2023-10-22T19:01:20.105Z] <<< [apiv2][body] GET https://firebase.googleapis.com/v1beta1/projects/hackathon-93422/adminSdkConfig {"projectId":"hackathon-93422","databaseURL":"https://hackathon-93422-default-rtdb.asia-southeast1.firebasedatabase.app","storageBucket":"hackathon-93422.appspot.com","locationId":"asia-northeast3"}
[debug] [2023-10-22T19:01:20.106Z] >>> [apiv2][query] GET https://runtimeconfig.googleapis.com/v1beta1/projects/hackathon-93422/configs [none]
[debug] [2023-10-22T19:01:20.604Z] <<< [apiv2][status] GET https://runtimeconfig.googleapis.com/v1beta1/projects/hackathon-93422/configs 200
[debug] [2023-10-22T19:01:20.605Z] <<< [apiv2][body] GET https://runtimeconfig.googleapis.com/v1beta1/projects/hackathon-93422/configs {}
[debug] [2023-10-22T19:01:20.607Z] Validating nodejs source
[debug] [2023-10-22T19:01:20.994Z] > [functions] package.json contents: {
  "name": "functions",
  "scripts": {
    "lint": "eslint --ext .js,.ts .",
    "build": "tsc",
    "build:watch": "tsc --watch",
    "serve": "npm run build && firebase emulators:start --only functions",
    "shell": "npm run build && firebase functions:shell",
    "start": "npm run shell",
    "deploy": "firebase deploy --only functions",
    "logs": "firebase functions:log"
  },
  "engines": {
    "node": "18"
  },
  "main": "lib/index.js",
  "dependencies": {
    "axios": "^1.5.1",
    "express": "^4.18.2",
    "firebase-admin": "^11.8.0",
    "firebase-functions": "^4.3.1"
  },
  "devDependencies": {
    "@typescript-eslint/eslint-plugin": "^5.12.0",
    "@typescript-eslint/parser": "^5.12.0",
    "eslint": "^8.9.0",
    "eslint-config-google": "^0.14.0",
    "eslint-plugin-import": "^2.25.4",
    "firebase-functions-test": "^3.1.0",
    "typescript": "^4.9.0"
  },
  "private": true
}
[debug] [2023-10-22T19:01:20.994Z] Building nodejs source
[info] i  functions: Loading and analyzing source code for codebase default to determine what to deploy 
[debug] [2023-10-22T19:01:20.994Z] Could not find functions.yaml. Must use http discovery
[debug] [2023-10-22T19:01:20.998Z] Found firebase-functions binary at '/Users/gyeongmin/dev/hackathon/hackathon_functions/functions/node_modules/.bin/firebase-functions'
[info] Serving at port 8889

[debug] [2023-10-22T19:01:21.225Z] Got response from /__/functions.yaml {"endpoints":{"myFunction":{"platform":"gcfv1","availableMemoryMb":null,"timeoutSeconds":null,"minInstances":null,"maxInstances":null,"ingressSettings":null,"serviceAccountEmail":null,"vpc":null,"eventTrigger":{"eventType":"providers/cloud.firestore/eventTypes/document.create","eventFilters":{"resource":"projects/hackathon-93422/databases/(default)/documents/restaurant_list/{docId}"},"retry":false},"labels":{},"entryPoint":"myFunction"}},"specVersion":"v1alpha1","requiredAPIs":[]}
[info] shutdown requested via /__/quitquitquit

[info] i  functions: preparing functions directory for uploading... 
[info] i  functions: packaged /Users/gyeongmin/dev/hackathon/hackathon_functions/functions (154.54 KB) for uploading 
[debug] [2023-10-22T19:01:21.258Z] >>> [apiv2][query] GET https://cloudfunctions.googleapis.com/v1/projects/hackathon-93422/locations/-/functions [none]
[debug] [2023-10-22T19:01:22.134Z] <<< [apiv2][status] GET https://cloudfunctions.googleapis.com/v1/projects/hackathon-93422/locations/-/functions 200
[debug] [2023-10-22T19:01:22.135Z] <<< [apiv2][body] GET https://cloudfunctions.googleapis.com/v1/projects/hackathon-93422/locations/-/functions {"functions":[{"name":"projects/hackathon-93422/locations/us-central1/functions/myFunction","eventTrigger":{"eventType":"providers/cloud.firestore/eventTypes/document.create","resource":"projects/hackathon-93422/databases/(default)/documents/restaurant_list/{docId}","service":"firestore.googleapis.com","failurePolicy":{}},"status":"ACTIVE","entryPoint":"myFunction","timeout":"60s","availableMemoryMb":256,"serviceAccountEmail":"hackathon-93422@appspot.gserviceaccount.com","updateTime":"2023-10-22T18:54:28.228Z","versionId":"3","labels":{"deployment-tool":"cli-firebase","firebase-functions-hash":"d08c4ad2ff3461f12d4c703da183ca750000b5ed"},"sourceUploadUrl":"https://storage.googleapis.com/uploads-891151918842.us-central1.cloudfunctions.appspot.com/bdfeedcc-d7db-4024-ad5e-64c175a33bc2.zip","environmentVariables":{"FIREBASE_CONFIG":"{\"projectId\":\"hackathon-93422\",\"databaseURL\":\"https://hackathon-93422-default-rtdb.asia-southeast1.firebasedatabase.app\",\"storageBucket\":\"hackathon-93422.appspot.com\",\"locationId\":\"asia-northeast3\"}","GCLOUD_PROJECT":"hackathon-93422","EVENTARC_CLOUD_EVENT_SOURCE":"projects/hackathon-93422/locations/us-central1/functions/myFunction"},"runtime":"nodejs18","maxInstances":3000,"ingressSettings":"ALLOW_ALL","buildId":"fd8442a5-d50c-4255-9126-3c897b4f4ad7","buildEnvironmentVariables":{"GOOGLE_NODE_RUN_SCRIPTS":""},"buildName":"projects/902404601495/locations/us-central1/builds/fd8442a5-d50c-4255-9126-3c897b4f4ad7","dockerRegistry":"ARTIFACT_REGISTRY"}]}
[debug] [2023-10-22T19:01:22.137Z] >>> [apiv2][query] GET https://cloudfunctions.googleapis.com/v2/projects/hackathon-93422/locations/-/functions filter=environment%3D%22GEN_2%22
[debug] [2023-10-22T19:01:23.595Z] <<< [apiv2][status] GET https://cloudfunctions.googleapis.com/v2/projects/hackathon-93422/locations/-/functions 200
[debug] [2023-10-22T19:01:23.595Z] <<< [apiv2][body] GET https://cloudfunctions.googleapis.com/v2/projects/hackathon-93422/locations/-/functions {}
[debug] [2023-10-22T19:01:23.600Z] >>> [apiv2][query] GET https://firebase.googleapis.com/v1beta1/projects/hackathon-93422 [none]
[debug] [2023-10-22T19:01:24.000Z] <<< [apiv2][status] GET https://firebase.googleapis.com/v1beta1/projects/hackathon-93422 200
[debug] [2023-10-22T19:01:24.001Z] <<< [apiv2][body] GET https://firebase.googleapis.com/v1beta1/projects/hackathon-93422 {"projectId":"hackathon-93422","projectNumber":"902404601495","displayName":"hackathon","name":"projects/hackathon-93422","resources":{"hostingSite":"hackathon-93422","realtimeDatabaseInstance":"hackathon-93422-default-rtdb","storageBucket":"hackathon-93422.appspot.com","locationId":"asia-northeast3"},"state":"ACTIVE","etag":"1_ca27c65c-46aa-4a2a-8d06-a7770faca696"}
[debug] [2023-10-22T19:01:24.003Z] >>> [apiv2][query] POST https://cloudfunctions.googleapis.com/v1/projects/hackathon-93422/locations/us-central1/functions:generateUploadUrl [none]
[debug] [2023-10-22T19:01:24.003Z] >>> [apiv2][body] POST https://cloudfunctions.googleapis.com/v1/projects/hackathon-93422/locations/us-central1/functions:generateUploadUrl {}
[debug] [2023-10-22T19:01:25.168Z] <<< [apiv2][status] POST https://cloudfunctions.googleapis.com/v1/projects/hackathon-93422/locations/us-central1/functions:generateUploadUrl 200
[debug] [2023-10-22T19:01:25.168Z] <<< [apiv2][body] POST https://cloudfunctions.googleapis.com/v1/projects/hackathon-93422/locations/us-central1/functions:generateUploadUrl {"uploadUrl":"https://storage.googleapis.com/uploads-891151918842.us-central1.cloudfunctions.appspot.com/c0263aff-f646-4946-b1c3-172b5f39b517.zip?GoogleAccessId=service-902404601495@gcf-admin-robot.iam.gserviceaccount.com&Expires=1698003084&Signature=Td8EOTA5jdsTb1PA6IFiHmfZP2Y%2B4mU2GSLZg7SCeGN0UzsTEF4dzWJ9P4lonzv092Gz5%2BwORcyROM7j0Y9TXiLilxr6GYSIZ%2BKs8yrMdM5wCF8qFWekNj2sHZQMt4OGh22qkRGzPusxnQNHqdCSXmnNYL2MEgsjHJkF%2F8pgErDwXK2A1so8gVvOPZruvXcGR6cfZZay0fZADeBAQH0WG5Lp2v9Qy9Zh%2FtY4XRNhpwnOeU8MUys3JlgMoYHqIkXkoEZoCcYOr60vqL5W2KQD03JH60c%2BpW2ffXWLy5DEY3ZYguqsGk9Nd4X5abj%2FofCFrih4TbhpLYK4XBWNrpsvNw%3D%3D"}
[debug] [2023-10-22T19:01:25.170Z] >>> [apiv2][query] PUT https://storage.googleapis.com/uploads-891151918842.us-central1.cloudfunctions.appspot.com/c0263aff-f646-4946-b1c3-172b5f39b517.zip GoogleAccessId=service-902404601495%40gcf-admin-robot.iam.gserviceaccount.com&Expires=1698003084&Signature=Td8EOTA5jdsTb1PA6IFiHmfZP2Y%2B4mU2GSLZg7SCeGN0UzsTEF4dzWJ9P4lonzv092Gz5%2BwORcyROM7j0Y9TXiLilxr6GYSIZ%2BKs8yrMdM5wCF8qFWekNj2sHZQMt4OGh22qkRGzPusxnQNHqdCSXmnNYL2MEgsjHJkF%2F8pgErDwXK2A1so8gVvOPZruvXcGR6cfZZay0fZADeBAQH0WG5Lp2v9Qy9Zh%2FtY4XRNhpwnOeU8MUys3JlgMoYHqIkXkoEZoCcYOr60vqL5W2KQD03JH60c%2BpW2ffXWLy5DEY3ZYguqsGk9Nd4X5abj%2FofCFrih4TbhpLYK4XBWNrpsvNw%3D%3D
[debug] [2023-10-22T19:01:25.170Z] >>> [apiv2][body] PUT https://storage.googleapis.com/uploads-891151918842.us-central1.cloudfunctions.appspot.com/c0263aff-f646-4946-b1c3-172b5f39b517.zip [stream]
[debug] [2023-10-22T19:01:26.189Z] <<< [apiv2][status] PUT https://storage.googleapis.com/uploads-891151918842.us-central1.cloudfunctions.appspot.com/c0263aff-f646-4946-b1c3-172b5f39b517.zip 200
[debug] [2023-10-22T19:01:26.189Z] <<< [apiv2][body] PUT https://storage.googleapis.com/uploads-891151918842.us-central1.cloudfunctions.appspot.com/c0263aff-f646-4946-b1c3-172b5f39b517.zip [omitted]
[info] ✔  functions: functions folder uploaded successfully 
[info] i  functions: updating Node.js 18 (1st Gen) function myFunction(us-central1)... 
[debug] [2023-10-22T19:01:26.193Z] >>> [apiv2][query] PATCH https://cloudfunctions.googleapis.com/v1/projects/hackathon-93422/locations/us-central1/functions/myFunction updateMask=name%2CsourceUploadUrl%2CentryPoint%2Cruntime%2CdockerRegistry%2Clabels%2CeventTrigger.eventType%2CeventTrigger.resource%2CeventTrigger.failurePolicy%2CminInstances%2CmaxInstances%2CingressSettings%2CenvironmentVariables%2CserviceAccountEmail%2CavailableMemoryMb%2Ctimeout%2CvpcConnector%2CvpcConnectorEgressSettings%2CsourceToken%2CbuildEnvironmentVariables
[debug] [2023-10-22T19:01:26.193Z] >>> [apiv2][body] PATCH https://cloudfunctions.googleapis.com/v1/projects/hackathon-93422/locations/us-central1/functions/myFunction {"name":"projects/hackathon-93422/locations/us-central1/functions/myFunction","sourceUploadUrl":"https://storage.googleapis.com/uploads-891151918842.us-central1.cloudfunctions.appspot.com/c0263aff-f646-4946-b1c3-172b5f39b517.zip?GoogleAccessId=service-902404601495@gcf-admin-robot.iam.gserviceaccount.com&Expires=1698003084&Signature=Td8EOTA5jdsTb1PA6IFiHmfZP2Y%2B4mU2GSLZg7SCeGN0UzsTEF4dzWJ9P4lonzv092Gz5%2BwORcyROM7j0Y9TXiLilxr6GYSIZ%2BKs8yrMdM5wCF8qFWekNj2sHZQMt4OGh22qkRGzPusxnQNHqdCSXmnNYL2MEgsjHJkF%2F8pgErDwXK2A1so8gVvOPZruvXcGR6cfZZay0fZADeBAQH0WG5Lp2v9Qy9Zh%2FtY4XRNhpwnOeU8MUys3JlgMoYHqIkXkoEZoCcYOr60vqL5W2KQD03JH60c%2BpW2ffXWLy5DEY3ZYguqsGk9Nd4X5abj%2FofCFrih4TbhpLYK4XBWNrpsvNw%3D%3D","entryPoint":"myFunction","runtime":"nodejs18","dockerRegistry":"ARTIFACT_REGISTRY","labels":{"deployment-tool":"cli-firebase","firebase-functions-hash":"a3da27dd25fa0aea187adf480c9d0ecbd98e427f"},"eventTrigger":{"eventType":"providers/cloud.firestore/eventTypes/document.create","resource":"projects/hackathon-93422/databases/(default)/documents/restaurant_list/{docId}"},"minInstances":null,"maxInstances":null,"ingressSettings":null,"environmentVariables":{"FIREBASE_CONFIG":"{\"projectId\":\"hackathon-93422\",\"databaseURL\":\"https://hackathon-93422-default-rtdb.asia-southeast1.firebasedatabase.app\",\"storageBucket\":\"hackathon-93422.appspot.com\",\"locationId\":\"asia-northeast3\"}","GCLOUD_PROJECT":"hackathon-93422","EVENTARC_CLOUD_EVENT_SOURCE":"projects/hackathon-93422/locations/us-central1/functions/myFunction"},"serviceAccountEmail":null,"availableMemoryMb":null,"timeout":null,"vpcConnector":null,"vpcConnectorEgressSettings":null,"buildEnvironmentVariables":{"GOOGLE_NODE_RUN_SCRIPTS":""}}
[debug] [2023-10-22T19:01:27.172Z] <<< [apiv2][status] PATCH https://cloudfunctions.googleapis.com/v1/projects/hackathon-93422/locations/us-central1/functions/myFunction 200
[debug] [2023-10-22T19:01:27.172Z] <<< [apiv2][body] PATCH https://cloudfunctions.googleapis.com/v1/projects/hackathon-93422/locations/us-central1/functions/myFunction {"name":"operations/aGFja2F0aG9uLTkzNDIyL3VzLWNlbnRyYWwxL215RnVuY3Rpb24vMDZDUmJUTkFJcjg","metadata":{"@type":"type.googleapis.com/google.cloud.functions.v1.OperationMetadataV1","target":"projects/hackathon-93422/locations/us-central1/functions/myFunction","type":"UPDATE_FUNCTION","request":{"@type":"type.googleapis.com/google.cloud.functions.v1.CloudFunction","name":"projects/hackathon-93422/locations/us-central1/functions/myFunction","eventTrigger":{"eventType":"providers/cloud.firestore/eventTypes/document.create","resource":"projects/hackathon-93422/databases/(default)/documents/restaurant_list/{docId}","service":"firestore.googleapis.com"},"status":"ACTIVE","entryPoint":"myFunction","updateTime":"2023-10-22T18:54:28.228Z","versionId":"3","labels":{"deployment-tool":"cli-firebase","firebase-functions-hash":"a3da27dd25fa0aea187adf480c9d0ecbd98e427f"},"sourceUploadUrl":"https://storage.googleapis.com/uploads-891151918842.us-central1.cloudfunctions.appspot.com/c0263aff-f646-4946-b1c3-172b5f39b517.zip?GoogleAccessId=service-902404601495@gcf-admin-robot.iam.gserviceaccount.com&Expires=1698003084&Signature=Td8EOTA5jdsTb1PA6IFiHmfZP2Y%2B4mU2GSLZg7SCeGN0UzsTEF4dzWJ9P4lonzv092Gz5%2BwORcyROM7j0Y9TXiLilxr6GYSIZ%2BKs8yrMdM5wCF8qFWekNj2sHZQMt4OGh22qkRGzPusxnQNHqdCSXmnNYL2MEgsjHJkF%2F8pgErDwXK2A1so8gVvOPZruvXcGR6cfZZay0fZADeBAQH0WG5Lp2v9Qy9Zh%2FtY4XRNhpwnOeU8MUys3JlgMoYHqIkXkoEZoCcYOr60vqL5W2KQD03JH60c%2BpW2ffXWLy5DEY3ZYguqsGk9Nd4X5abj%2FofCFrih4TbhpLYK4XBWNrpsvNw%3D%3D","environmentVariables":{"FIREBASE_CONFIG":"{\"projectId\":\"hackathon-93422\",\"databaseURL\":\"https://hackathon-93422-default-rtdb.asia-southeast1.firebasedatabase.app\",\"storageBucket\":\"hackathon-93422.appspot.com\",\"locationId\":\"asia-northeast3\"}","GCLOUD_PROJECT":"hackathon-93422","EVENTARC_CLOUD_EVENT_SOURCE":"projects/hackathon-93422/locations/us-central1/functions/myFunction"},"runtime":"nodejs18","buildId":"fd8442a5-d50c-4255-9126-3c897b4f4ad7","buildEnvironmentVariables":{"GOOGLE_NODE_RUN_SCRIPTS":""},"buildName":"projects/902404601495/locations/us-central1/builds/fd8442a5-d50c-4255-9126-3c897b4f4ad7","dockerRegistry":"ARTIFACT_REGISTRY"},"versionId":"4","updateTime":"2023-10-22T19:01:26Z"}}
[debug] [2023-10-22T19:01:27.173Z] >>> [apiv2][query] GET https://cloudfunctions.googleapis.com/v1/operations/aGFja2F0aG9uLTkzNDIyL3VzLWNlbnRyYWwxL215RnVuY3Rpb24vMDZDUmJUTkFJcjg [none]
[debug] [2023-10-22T19:01:27.726Z] <<< [apiv2][status] GET https://cloudfunctions.googleapis.com/v1/operations/aGFja2F0aG9uLTkzNDIyL3VzLWNlbnRyYWwxL215RnVuY3Rpb24vMDZDUmJUTkFJcjg 200
[debug] [2023-10-22T19:01:27.726Z] <<< [apiv2][body] GET https://cloudfunctions.googleapis.com/v1/operations/aGFja2F0aG9uLTkzNDIyL3VzLWNlbnRyYWwxL215RnVuY3Rpb24vMDZDUmJUTkFJcjg {"name":"operations/aGFja2F0aG9uLTkzNDIyL3VzLWNlbnRyYWwxL215RnVuY3Rpb24vMDZDUmJUTkFJcjg","metadata":{"@type":"type.googleapis.com/google.cloud.functions.v1.OperationMetadataV1","target":"projects/hackathon-93422/locations/us-central1/functions/myFunction","type":"UPDATE_FUNCTION","request":{"@type":"type.googleapis.com/google.cloud.functions.v1.CloudFunction","name":"projects/hackathon-93422/locations/us-central1/functions/myFunction","eventTrigger":{"eventType":"providers/cloud.firestore/eventTypes/document.create","resource":"projects/hackathon-93422/databases/(default)/documents/restaurant_list/{docId}","service":"firestore.googleapis.com"},"status":"ACTIVE","entryPoint":"myFunction","updateTime":"2023-10-22T18:54:28.228Z","versionId":"3","labels":{"deployment-tool":"cli-firebase","firebase-functions-hash":"a3da27dd25fa0aea187adf480c9d0ecbd98e427f"},"sourceUploadUrl":"https://storage.googleapis.com/uploads-891151918842.us-central1.cloudfunctions.appspot.com/c0263aff-f646-4946-b1c3-172b5f39b517.zip?GoogleAccessId=service-902404601495@gcf-admin-robot.iam.gserviceaccount.com&Expires=1698003084&Signature=Td8EOTA5jdsTb1PA6IFiHmfZP2Y%2B4mU2GSLZg7SCeGN0UzsTEF4dzWJ9P4lonzv092Gz5%2BwORcyROM7j0Y9TXiLilxr6GYSIZ%2BKs8yrMdM5wCF8qFWekNj2sHZQMt4OGh22qkRGzPusxnQNHqdCSXmnNYL2MEgsjHJkF%2F8pgErDwXK2A1so8gVvOPZruvXcGR6cfZZay0fZADeBAQH0WG5Lp2v9Qy9Zh%2FtY4XRNhpwnOeU8MUys3JlgMoYHqIkXkoEZoCcYOr60vqL5W2KQD03JH60c%2BpW2ffXWLy5DEY3ZYguqsGk9Nd4X5abj%2FofCFrih4TbhpLYK4XBWNrpsvNw%3D%3D","environmentVariables":{"FIREBASE_CONFIG":"{\"projectId\":\"hackathon-93422\",\"databaseURL\":\"https://hackathon-93422-default-rtdb.asia-southeast1.firebasedatabase.app\",\"storageBucket\":\"hackathon-93422.appspot.com\",\"locationId\":\"asia-northeast3\"}","GCLOUD_PROJECT":"hackathon-93422","EVENTARC_CLOUD_EVENT_SOURCE":"projects/hackathon-93422/locations/us-central1/functions/myFunction"},"runtime":"nodejs18","buildId":"fd8442a5-d50c-4255-9126-3c897b4f4ad7","buildEnvironmentVariables":{"GOOGLE_NODE_RUN_SCRIPTS":""},"buildName":"projects/902404601495/locations/us-central1/builds/fd8442a5-d50c-4255-9126-3c897b4f4ad7","dockerRegistry":"ARTIFACT_REGISTRY"},"versionId":"4","updateTime":"2023-10-22T19:01:26Z"}}
[debug] [2023-10-22T19:01:28.228Z] [update-default-us-central1-myFunction] Retrying task index 0
[debug] [2023-10-22T19:01:28.229Z] >>> [apiv2][query] GET https://cloudfunctions.googleapis.com/v1/operations/aGFja2F0aG9uLTkzNDIyL3VzLWNlbnRyYWwxL215RnVuY3Rpb24vMDZDUmJUTkFJcjg [none]
[debug] [2023-10-22T19:01:28.833Z] <<< [apiv2][status] GET https://cloudfunctions.googleapis.com/v1/operations/aGFja2F0aG9uLTkzNDIyL3VzLWNlbnRyYWwxL215RnVuY3Rpb24vMDZDUmJUTkFJcjg 200
[debug] [2023-10-22T19:01:28.833Z] <<< [apiv2][body] GET https://cloudfunctions.googleapis.com/v1/operations/aGFja2F0aG9uLTkzNDIyL3VzLWNlbnRyYWwxL215RnVuY3Rpb24vMDZDUmJUTkFJcjg {"name":"operations/aGFja2F0aG9uLTkzNDIyL3VzLWNlbnRyYWwxL215RnVuY3Rpb24vMDZDUmJUTkFJcjg","metadata":{"@type":"type.googleapis.com/google.cloud.functions.v1.OperationMetadataV1","target":"projects/hackathon-93422/locations/us-central1/functions/myFunction","type":"UPDATE_FUNCTION","request":{"@type":"type.googleapis.com/google.cloud.functions.v1.CloudFunction","name":"projects/hackathon-93422/locations/us-central1/functions/myFunction","eventTrigger":{"eventType":"providers/cloud.firestore/eventTypes/document.create","resource":"projects/hackathon-93422/databases/(default)/documents/restaurant_list/{docId}","service":"firestore.googleapis.com"},"status":"ACTIVE","entryPoint":"myFunction","updateTime":"2023-10-22T18:54:28.228Z","versionId":"3","labels":{"deployment-tool":"cli-firebase","firebase-functions-hash":"a3da27dd25fa0aea187adf480c9d0ecbd98e427f"},"sourceUploadUrl":"https://storage.googleapis.com/uploads-891151918842.us-central1.cloudfunctions.appspot.com/c0263aff-f646-4946-b1c3-172b5f39b517.zip?GoogleAccessId=service-902404601495@gcf-admin-robot.iam.gserviceaccount.com&Expires=1698003084&Signature=Td8EOTA5jdsTb1PA6IFiHmfZP2Y%2B4mU2GSLZg7SCeGN0UzsTEF4dzWJ9P4lonzv092Gz5%2BwORcyROM7j0Y9TXiLilxr6GYSIZ%2BKs8yrMdM5wCF8qFWekNj2sHZQMt4OGh22qkRGzPusxnQNHqdCSXmnNYL2MEgsjHJkF%2F8pgErDwXK2A1so8gVvOPZruvXcGR6cfZZay0fZADeBAQH0WG5Lp2v9Qy9Zh%2FtY4XRNhpwnOeU8MUys3JlgMoYHqIkXkoEZoCcYOr60vqL5W2KQD03JH60c%2BpW2ffXWLy5DEY3ZYguqsGk9Nd4X5abj%2FofCFrih4TbhpLYK4XBWNrpsvNw%3D%3D","environmentVariables":{"FIREBASE_CONFIG":"{\"projectId\":\"hackathon-93422\",\"databaseURL\":\"https://hackathon-93422-default-rtdb.asia-southeast1.firebasedatabase.app\",\"storageBucket\":\"hackathon-93422.appspot.com\",\"locationId\":\"asia-northeast3\"}","GCLOUD_PROJECT":"hackathon-93422","EVENTARC_CLOUD_EVENT_SOURCE":"projects/hackathon-93422/locations/us-central1/functions/myFunction"},"runtime":"nodejs18","buildId":"fd8442a5-d50c-4255-9126-3c897b4f4ad7","buildEnvironmentVariables":{"GOOGLE_NODE_RUN_SCRIPTS":""},"buildName":"projects/902404601495/locations/us-central1/builds/fd8442a5-d50c-4255-9126-3c897b4f4ad7","dockerRegistry":"ARTIFACT_REGISTRY"},"versionId":"4","updateTime":"2023-10-22T19:01:26Z","buildId":"7a5dd25d-3047-4e8b-b971-bd4afb391360","buildName":"projects/902404601495/locations/us-central1/builds/7a5dd25d-3047-4e8b-b971-bd4afb391360"}}
[debug] [2023-10-22T19:01:29.834Z] [update-default-us-central1-myFunction] Retrying task index 0
[debug] [2023-10-22T19:01:29.835Z] >>> [apiv2][query] GET https://cloudfunctions.googleapis.com/v1/operations/aGFja2F0aG9uLTkzNDIyL3VzLWNlbnRyYWwxL215RnVuY3Rpb24vMDZDUmJUTkFJcjg [none]
[debug] [2023-10-22T19:01:30.312Z] <<< [apiv2][status] GET https://cloudfunctions.googleapis.com/v1/operations/aGFja2F0aG9uLTkzNDIyL3VzLWNlbnRyYWwxL215RnVuY3Rpb24vMDZDUmJUTkFJcjg 200
[debug] [2023-10-22T19:01:30.313Z] <<< [apiv2][body] GET https://cloudfunctions.googleapis.com/v1/operations/aGFja2F0aG9uLTkzNDIyL3VzLWNlbnRyYWwxL215RnVuY3Rpb24vMDZDUmJUTkFJcjg {"name":"operations/aGFja2F0aG9uLTkzNDIyL3VzLWNlbnRyYWwxL215RnVuY3Rpb24vMDZDUmJUTkFJcjg","metadata":{"@type":"type.googleapis.com/google.cloud.functions.v1.OperationMetadataV1","target":"projects/hackathon-93422/locations/us-central1/functions/myFunction","type":"UPDATE_FUNCTION","request":{"@type":"type.googleapis.com/google.cloud.functions.v1.CloudFunction","name":"projects/hackathon-93422/locations/us-central1/functions/myFunction","eventTrigger":{"eventType":"providers/cloud.firestore/eventTypes/document.create","resource":"projects/hackathon-93422/databases/(default)/documents/restaurant_list/{docId}","service":"firestore.googleapis.com"},"status":"ACTIVE","entryPoint":"myFunction","updateTime":"2023-10-22T18:54:28.228Z","versionId":"3","labels":{"deployment-tool":"cli-firebase","firebase-functions-hash":"a3da27dd25fa0aea187adf480c9d0ecbd98e427f"},"sourceUploadUrl":"https://storage.googleapis.com/uploads-891151918842.us-central1.cloudfunctions.appspot.com/c0263aff-f646-4946-b1c3-172b5f39b517.zip?GoogleAccessId=service-902404601495@gcf-admin-robot.iam.gserviceaccount.com&Expires=1698003084&Signature=Td8EOTA5jdsTb1PA6IFiHmfZP2Y%2B4mU2GSLZg7SCeGN0UzsTEF4dzWJ9P4lonzv092Gz5%2BwORcyROM7j0Y9TXiLilxr6GYSIZ%2BKs8yrMdM5wCF8qFWekNj2sHZQMt4OGh22qkRGzPusxnQNHqdCSXmnNYL2MEgsjHJkF%2F8pgErDwXK2A1so8gVvOPZruvXcGR6cfZZay0fZADeBAQH0WG5Lp2v9Qy9Zh%2FtY4XRNhpwnOeU8MUys3JlgMoYHqIkXkoEZoCcYOr60vqL5W2KQD03JH60c%2BpW2ffXWLy5DEY3ZYguqsGk9Nd4X5abj%2FofCFrih4TbhpLYK4XBWNrpsvNw%3D%3D","environmentVariables":{"FIREBASE_CONFIG":"{\"projectId\":\"hackathon-93422\",\"databaseURL\":\"https://hackathon-93422-default-rtdb.asia-southeast1.firebasedatabase.app\",\"storageBucket\":\"hackathon-93422.appspot.com\",\"locationId\":\"asia-northeast3\"}","GCLOUD_PROJECT":"hackathon-93422","EVENTARC_CLOUD_EVENT_SOURCE":"projects/hackathon-93422/locations/us-central1/functions/myFunction"},"runtime":"nodejs18","buildId":"fd8442a5-d50c-4255-9126-3c897b4f4ad7","buildEnvironmentVariables":{"GOOGLE_NODE_RUN_SCRIPTS":""},"buildName":"projects/902404601495/locations/us-central1/builds/fd8442a5-d50c-4255-9126-3c897b4f4ad7","dockerRegistry":"ARTIFACT_REGISTRY"},"versionId":"4","updateTime":"2023-10-22T19:01:26Z","buildId":"7a5dd25d-3047-4e8b-b971-bd4afb391360","buildName":"projects/902404601495/locations/us-central1/builds/7a5dd25d-3047-4e8b-b971-bd4afb391360"}}
[debug] [2023-10-22T19:01:32.313Z] [update-default-us-central1-myFunction] Retrying task index 0
[debug] [2023-10-22T19:01:32.314Z] >>> [apiv2][query] GET https://cloudfunctions.googleapis.com/v1/operations/aGFja2F0aG9uLTkzNDIyL3VzLWNlbnRyYWwxL215RnVuY3Rpb24vMDZDUmJUTkFJcjg [none]
[debug] [2023-10-22T19:01:32.949Z] <<< [apiv2][status] GET https://cloudfunctions.googleapis.com/v1/operations/aGFja2F0aG9uLTkzNDIyL3VzLWNlbnRyYWwxL215RnVuY3Rpb24vMDZDUmJUTkFJcjg 200
[debug] [2023-10-22T19:01:32.949Z] <<< [apiv2][body] GET https://cloudfunctions.googleapis.com/v1/operations/aGFja2F0aG9uLTkzNDIyL3VzLWNlbnRyYWwxL215RnVuY3Rpb24vMDZDUmJUTkFJcjg {"name":"operations/aGFja2F0aG9uLTkzNDIyL3VzLWNlbnRyYWwxL215RnVuY3Rpb24vMDZDUmJUTkFJcjg","metadata":{"@type":"type.googleapis.com/google.cloud.functions.v1.OperationMetadataV1","target":"projects/hackathon-93422/locations/us-central1/functions/myFunction","type":"UPDATE_FUNCTION","request":{"@type":"type.googleapis.com/google.cloud.functions.v1.CloudFunction","name":"projects/hackathon-93422/locations/us-central1/functions/myFunction","eventTrigger":{"eventType":"providers/cloud.firestore/eventTypes/document.create","resource":"projects/hackathon-93422/databases/(default)/documents/restaurant_list/{docId}","service":"firestore.googleapis.com"},"status":"ACTIVE","entryPoint":"myFunction","updateTime":"2023-10-22T18:54:28.228Z","versionId":"3","labels":{"deployment-tool":"cli-firebase","firebase-functions-hash":"a3da27dd25fa0aea187adf480c9d0ecbd98e427f"},"sourceUploadUrl":"https://storage.googleapis.com/uploads-891151918842.us-central1.cloudfunctions.appspot.com/c0263aff-f646-4946-b1c3-172b5f39b517.zip?GoogleAccessId=service-902404601495@gcf-admin-robot.iam.gserviceaccount.com&Expires=1698003084&Signature=Td8EOTA5jdsTb1PA6IFiHmfZP2Y%2B4mU2GSLZg7SCeGN0UzsTEF4dzWJ9P4lonzv092Gz5%2BwORcyROM7j0Y9TXiLilxr6GYSIZ%2BKs8yrMdM5wCF8qFWekNj2sHZQMt4OGh22qkRGzPusxnQNHqdCSXmnNYL2MEgsjHJkF%2F8pgErDwXK2A1so8gVvOPZruvXcGR6cfZZay0fZADeBAQH0WG5Lp2v9Qy9Zh%2FtY4XRNhpwnOeU8MUys3JlgMoYHqIkXkoEZoCcYOr60vqL5W2KQD03JH60c%2BpW2ffXWLy5DEY3ZYguqsGk9Nd4X5abj%2FofCFrih4TbhpLYK4XBWNrpsvNw%3D%3D","environmentVariables":{"FIREBASE_CONFIG":"{\"projectId\":\"hackathon-93422\",\"databaseURL\":\"https://hackathon-93422-default-rtdb.asia-southeast1.firebasedatabase.app\",\"storageBucket\":\"hackathon-93422.appspot.com\",\"locationId\":\"asia-northeast3\"}","GCLOUD_PROJECT":"hackathon-93422","EVENTARC_CLOUD_EVENT_SOURCE":"projects/hackathon-93422/locations/us-central1/functions/myFunction"},"runtime":"nodejs18","buildId":"fd8442a5-d50c-4255-9126-3c897b4f4ad7","buildEnvironmentVariables":{"GOOGLE_NODE_RUN_SCRIPTS":""},"buildName":"projects/902404601495/locations/us-central1/builds/fd8442a5-d50c-4255-9126-3c897b4f4ad7","dockerRegistry":"ARTIFACT_REGISTRY"},"versionId":"4","updateTime":"2023-10-22T19:01:26Z","buildId":"7a5dd25d-3047-4e8b-b971-bd4afb391360","buildName":"projects/902404601495/locations/us-central1/builds/7a5dd25d-3047-4e8b-b971-bd4afb391360"}}
[debug] [2023-10-22T19:01:36.951Z] [update-default-us-central1-myFunction] Retrying task index 0
[debug] [2023-10-22T19:01:36.952Z] >>> [apiv2][query] GET https://cloudfunctions.googleapis.com/v1/operations/aGFja2F0aG9uLTkzNDIyL3VzLWNlbnRyYWwxL215RnVuY3Rpb24vMDZDUmJUTkFJcjg [none]
[debug] [2023-10-22T19:01:37.659Z] <<< [apiv2][status] GET https://cloudfunctions.googleapis.com/v1/operations/aGFja2F0aG9uLTkzNDIyL3VzLWNlbnRyYWwxL215RnVuY3Rpb24vMDZDUmJUTkFJcjg 200
[debug] [2023-10-22T19:01:37.659Z] <<< [apiv2][body] GET https://cloudfunctions.googleapis.com/v1/operations/aGFja2F0aG9uLTkzNDIyL3VzLWNlbnRyYWwxL215RnVuY3Rpb24vMDZDUmJUTkFJcjg {"name":"operations/aGFja2F0aG9uLTkzNDIyL3VzLWNlbnRyYWwxL215RnVuY3Rpb24vMDZDUmJUTkFJcjg","metadata":{"@type":"type.googleapis.com/google.cloud.functions.v1.OperationMetadataV1","target":"projects/hackathon-93422/locations/us-central1/functions/myFunction","type":"UPDATE_FUNCTION","request":{"@type":"type.googleapis.com/google.cloud.functions.v1.CloudFunction","name":"projects/hackathon-93422/locations/us-central1/functions/myFunction","eventTrigger":{"eventType":"providers/cloud.firestore/eventTypes/document.create","resource":"projects/hackathon-93422/databases/(default)/documents/restaurant_list/{docId}","service":"firestore.googleapis.com"},"status":"ACTIVE","entryPoint":"myFunction","updateTime":"2023-10-22T18:54:28.228Z","versionId":"3","labels":{"deployment-tool":"cli-firebase","firebase-functions-hash":"a3da27dd25fa0aea187adf480c9d0ecbd98e427f"},"sourceUploadUrl":"https://storage.googleapis.com/uploads-891151918842.us-central1.cloudfunctions.appspot.com/c0263aff-f646-4946-b1c3-172b5f39b517.zip?GoogleAccessId=service-902404601495@gcf-admin-robot.iam.gserviceaccount.com&Expires=1698003084&Signature=Td8EOTA5jdsTb1PA6IFiHmfZP2Y%2B4mU2GSLZg7SCeGN0UzsTEF4dzWJ9P4lonzv092Gz5%2BwORcyROM7j0Y9TXiLilxr6GYSIZ%2BKs8yrMdM5wCF8qFWekNj2sHZQMt4OGh22qkRGzPusxnQNHqdCSXmnNYL2MEgsjHJkF%2F8pgErDwXK2A1so8gVvOPZruvXcGR6cfZZay0fZADeBAQH0WG5Lp2v9Qy9Zh%2FtY4XRNhpwnOeU8MUys3JlgMoYHqIkXkoEZoCcYOr60vqL5W2KQD03JH60c%2BpW2ffXWLy5DEY3ZYguqsGk9Nd4X5abj%2FofCFrih4TbhpLYK4XBWNrpsvNw%3D%3D","environmentVariables":{"FIREBASE_CONFIG":"{\"projectId\":\"hackathon-93422\",\"databaseURL\":\"https://hackathon-93422-default-rtdb.asia-southeast1.firebasedatabase.app\",\"storageBucket\":\"hackathon-93422.appspot.com\",\"locationId\":\"asia-northeast3\"}","GCLOUD_PROJECT":"hackathon-93422","EVENTARC_CLOUD_EVENT_SOURCE":"projects/hackathon-93422/locations/us-central1/functions/myFunction"},"runtime":"nodejs18","buildId":"fd8442a5-d50c-4255-9126-3c897b4f4ad7","buildEnvironmentVariables":{"GOOGLE_NODE_RUN_SCRIPTS":""},"buildName":"projects/902404601495/locations/us-central1/builds/fd8442a5-d50c-4255-9126-3c897b4f4ad7","dockerRegistry":"ARTIFACT_REGISTRY"},"versionId":"4","updateTime":"2023-10-22T19:01:26Z","buildId":"7a5dd25d-3047-4e8b-b971-bd4afb391360","buildName":"projects/902404601495/locations/us-central1/builds/7a5dd25d-3047-4e8b-b971-bd4afb391360"}}
[debug] [2023-10-22T19:01:45.661Z] [update-default-us-central1-myFunction] Retrying task index 0
[debug] [2023-10-22T19:01:45.661Z] >>> [apiv2][query] GET https://cloudfunctions.googleapis.com/v1/operations/aGFja2F0aG9uLTkzNDIyL3VzLWNlbnRyYWwxL215RnVuY3Rpb24vMDZDUmJUTkFJcjg [none]
[debug] [2023-10-22T19:01:46.365Z] <<< [apiv2][status] GET https://cloudfunctions.googleapis.com/v1/operations/aGFja2F0aG9uLTkzNDIyL3VzLWNlbnRyYWwxL215RnVuY3Rpb24vMDZDUmJUTkFJcjg 200
[debug] [2023-10-22T19:01:46.365Z] <<< [apiv2][body] GET https://cloudfunctions.googleapis.com/v1/operations/aGFja2F0aG9uLTkzNDIyL3VzLWNlbnRyYWwxL215RnVuY3Rpb24vMDZDUmJUTkFJcjg {"name":"operations/aGFja2F0aG9uLTkzNDIyL3VzLWNlbnRyYWwxL215RnVuY3Rpb24vMDZDUmJUTkFJcjg","metadata":{"@type":"type.googleapis.com/google.cloud.functions.v1.OperationMetadataV1","target":"projects/hackathon-93422/locations/us-central1/functions/myFunction","type":"UPDATE_FUNCTION","request":{"@type":"type.googleapis.com/google.cloud.functions.v1.CloudFunction","name":"projects/hackathon-93422/locations/us-central1/functions/myFunction","eventTrigger":{"eventType":"providers/cloud.firestore/eventTypes/document.create","resource":"projects/hackathon-93422/databases/(default)/documents/restaurant_list/{docId}","service":"firestore.googleapis.com"},"status":"ACTIVE","entryPoint":"myFunction","updateTime":"2023-10-22T18:54:28.228Z","versionId":"3","labels":{"deployment-tool":"cli-firebase","firebase-functions-hash":"a3da27dd25fa0aea187adf480c9d0ecbd98e427f"},"sourceUploadUrl":"https://storage.googleapis.com/uploads-891151918842.us-central1.cloudfunctions.appspot.com/c0263aff-f646-4946-b1c3-172b5f39b517.zip?GoogleAccessId=service-902404601495@gcf-admin-robot.iam.gserviceaccount.com&Expires=1698003084&Signature=Td8EOTA5jdsTb1PA6IFiHmfZP2Y%2B4mU2GSLZg7SCeGN0UzsTEF4dzWJ9P4lonzv092Gz5%2BwORcyROM7j0Y9TXiLilxr6GYSIZ%2BKs8yrMdM5wCF8qFWekNj2sHZQMt4OGh22qkRGzPusxnQNHqdCSXmnNYL2MEgsjHJkF%2F8pgErDwXK2A1so8gVvOPZruvXcGR6cfZZay0fZADeBAQH0WG5Lp2v9Qy9Zh%2FtY4XRNhpwnOeU8MUys3JlgMoYHqIkXkoEZoCcYOr60vqL5W2KQD03JH60c%2BpW2ffXWLy5DEY3ZYguqsGk9Nd4X5abj%2FofCFrih4TbhpLYK4XBWNrpsvNw%3D%3D","environmentVariables":{"FIREBASE_CONFIG":"{\"projectId\":\"hackathon-93422\",\"databaseURL\":\"https://hackathon-93422-default-rtdb.asia-southeast1.firebasedatabase.app\",\"storageBucket\":\"hackathon-93422.appspot.com\",\"locationId\":\"asia-northeast3\"}","GCLOUD_PROJECT":"hackathon-93422","EVENTARC_CLOUD_EVENT_SOURCE":"projects/hackathon-93422/locations/us-central1/functions/myFunction"},"runtime":"nodejs18","buildId":"fd8442a5-d50c-4255-9126-3c897b4f4ad7","buildEnvironmentVariables":{"GOOGLE_NODE_RUN_SCRIPTS":""},"buildName":"projects/902404601495/locations/us-central1/builds/fd8442a5-d50c-4255-9126-3c897b4f4ad7","dockerRegistry":"ARTIFACT_REGISTRY"},"versionId":"4","updateTime":"2023-10-22T19:01:26Z","buildId":"7a5dd25d-3047-4e8b-b971-bd4afb391360","buildName":"projects/902404601495/locations/us-central1/builds/7a5dd25d-3047-4e8b-b971-bd4afb391360"}}
[debug] [2023-10-22T19:01:56.367Z] [update-default-us-central1-myFunction] Retrying task index 0
[debug] [2023-10-22T19:01:56.368Z] >>> [apiv2][query] GET https://cloudfunctions.googleapis.com/v1/operations/aGFja2F0aG9uLTkzNDIyL3VzLWNlbnRyYWwxL215RnVuY3Rpb24vMDZDUmJUTkFJcjg [none]
[debug] [2023-10-22T19:01:56.985Z] <<< [apiv2][status] GET https://cloudfunctions.googleapis.com/v1/operations/aGFja2F0aG9uLTkzNDIyL3VzLWNlbnRyYWwxL215RnVuY3Rpb24vMDZDUmJUTkFJcjg 200
[debug] [2023-10-22T19:01:56.985Z] <<< [apiv2][body] GET https://cloudfunctions.googleapis.com/v1/operations/aGFja2F0aG9uLTkzNDIyL3VzLWNlbnRyYWwxL215RnVuY3Rpb24vMDZDUmJUTkFJcjg {"name":"operations/aGFja2F0aG9uLTkzNDIyL3VzLWNlbnRyYWwxL215RnVuY3Rpb24vMDZDUmJUTkFJcjg","metadata":{"@type":"type.googleapis.com/google.cloud.functions.v1.OperationMetadataV1","target":"projects/hackathon-93422/locations/us-central1/functions/myFunction","type":"UPDATE_FUNCTION","request":{"@type":"type.googleapis.com/google.cloud.functions.v1.CloudFunction","name":"projects/hackathon-93422/locations/us-central1/functions/myFunction","eventTrigger":{"eventType":"providers/cloud.firestore/eventTypes/document.create","resource":"projects/hackathon-93422/databases/(default)/documents/restaurant_list/{docId}","service":"firestore.googleapis.com"},"status":"ACTIVE","entryPoint":"myFunction","updateTime":"2023-10-22T18:54:28.228Z","versionId":"3","labels":{"deployment-tool":"cli-firebase","firebase-functions-hash":"a3da27dd25fa0aea187adf480c9d0ecbd98e427f"},"sourceUploadUrl":"https://storage.googleapis.com/uploads-891151918842.us-central1.cloudfunctions.appspot.com/c0263aff-f646-4946-b1c3-172b5f39b517.zip?GoogleAccessId=service-902404601495@gcf-admin-robot.iam.gserviceaccount.com&Expires=1698003084&Signature=Td8EOTA5jdsTb1PA6IFiHmfZP2Y%2B4mU2GSLZg7SCeGN0UzsTEF4dzWJ9P4lonzv092Gz5%2BwORcyROM7j0Y9TXiLilxr6GYSIZ%2BKs8yrMdM5wCF8qFWekNj2sHZQMt4OGh22qkRGzPusxnQNHqdCSXmnNYL2MEgsjHJkF%2F8pgErDwXK2A1so8gVvOPZruvXcGR6cfZZay0fZADeBAQH0WG5Lp2v9Qy9Zh%2FtY4XRNhpwnOeU8MUys3JlgMoYHqIkXkoEZoCcYOr60vqL5W2KQD03JH60c%2BpW2ffXWLy5DEY3ZYguqsGk9Nd4X5abj%2FofCFrih4TbhpLYK4XBWNrpsvNw%3D%3D","environmentVariables":{"FIREBASE_CONFIG":"{\"projectId\":\"hackathon-93422\",\"databaseURL\":\"https://hackathon-93422-default-rtdb.asia-southeast1.firebasedatabase.app\",\"storageBucket\":\"hackathon-93422.appspot.com\",\"locationId\":\"asia-northeast3\"}","GCLOUD_PROJECT":"hackathon-93422","EVENTARC_CLOUD_EVENT_SOURCE":"projects/hackathon-93422/locations/us-central1/functions/myFunction"},"runtime":"nodejs18","buildId":"fd8442a5-d50c-4255-9126-3c897b4f4ad7","buildEnvironmentVariables":{"GOOGLE_NODE_RUN_SCRIPTS":""},"buildName":"projects/902404601495/locations/us-central1/builds/fd8442a5-d50c-4255-9126-3c897b4f4ad7","dockerRegistry":"ARTIFACT_REGISTRY"},"versionId":"4","updateTime":"2023-10-22T19:01:26Z","buildId":"7a5dd25d-3047-4e8b-b971-bd4afb391360","buildName":"projects/902404601495/locations/us-central1/builds/7a5dd25d-3047-4e8b-b971-bd4afb391360"}}
[debug] [2023-10-22T19:02:06.986Z] [update-default-us-central1-myFunction] Retrying task index 0
[debug] [2023-10-22T19:02:06.988Z] >>> [apiv2][query] GET https://cloudfunctions.googleapis.com/v1/operations/aGFja2F0aG9uLTkzNDIyL3VzLWNlbnRyYWwxL215RnVuY3Rpb24vMDZDUmJUTkFJcjg [none]
[debug] [2023-10-22T19:02:07.471Z] <<< [apiv2][status] GET https://cloudfunctions.googleapis.com/v1/operations/aGFja2F0aG9uLTkzNDIyL3VzLWNlbnRyYWwxL215RnVuY3Rpb24vMDZDUmJUTkFJcjg 200
[debug] [2023-10-22T19:02:07.471Z] <<< [apiv2][body] GET https://cloudfunctions.googleapis.com/v1/operations/aGFja2F0aG9uLTkzNDIyL3VzLWNlbnRyYWwxL215RnVuY3Rpb24vMDZDUmJUTkFJcjg {"name":"operations/aGFja2F0aG9uLTkzNDIyL3VzLWNlbnRyYWwxL215RnVuY3Rpb24vMDZDUmJUTkFJcjg","metadata":{"@type":"type.googleapis.com/google.cloud.functions.v1.OperationMetadataV1","target":"projects/hackathon-93422/locations/us-central1/functions/myFunction","type":"UPDATE_FUNCTION","request":{"@type":"type.googleapis.com/google.cloud.functions.v1.CloudFunction","name":"projects/hackathon-93422/locations/us-central1/functions/myFunction","eventTrigger":{"eventType":"providers/cloud.firestore/eventTypes/document.create","resource":"projects/hackathon-93422/databases/(default)/documents/restaurant_list/{docId}","service":"firestore.googleapis.com"},"status":"ACTIVE","entryPoint":"myFunction","updateTime":"2023-10-22T18:54:28.228Z","versionId":"3","labels":{"deployment-tool":"cli-firebase","firebase-functions-hash":"a3da27dd25fa0aea187adf480c9d0ecbd98e427f"},"sourceUploadUrl":"https://storage.googleapis.com/uploads-891151918842.us-central1.cloudfunctions.appspot.com/c0263aff-f646-4946-b1c3-172b5f39b517.zip?GoogleAccessId=service-902404601495@gcf-admin-robot.iam.gserviceaccount.com&Expires=1698003084&Signature=Td8EOTA5jdsTb1PA6IFiHmfZP2Y%2B4mU2GSLZg7SCeGN0UzsTEF4dzWJ9P4lonzv092Gz5%2BwORcyROM7j0Y9TXiLilxr6GYSIZ%2BKs8yrMdM5wCF8qFWekNj2sHZQMt4OGh22qkRGzPusxnQNHqdCSXmnNYL2MEgsjHJkF%2F8pgErDwXK2A1so8gVvOPZruvXcGR6cfZZay0fZADeBAQH0WG5Lp2v9Qy9Zh%2FtY4XRNhpwnOeU8MUys3JlgMoYHqIkXkoEZoCcYOr60vqL5W2KQD03JH60c%2BpW2ffXWLy5DEY3ZYguqsGk9Nd4X5abj%2FofCFrih4TbhpLYK4XBWNrpsvNw%3D%3D","environmentVariables":{"FIREBASE_CONFIG":"{\"projectId\":\"hackathon-93422\",\"databaseURL\":\"https://hackathon-93422-default-rtdb.asia-southeast1.firebasedatabase.app\",\"storageBucket\":\"hackathon-93422.appspot.com\",\"locationId\":\"asia-northeast3\"}","GCLOUD_PROJECT":"hackathon-93422","EVENTARC_CLOUD_EVENT_SOURCE":"projects/hackathon-93422/locations/us-central1/functions/myFunction"},"runtime":"nodejs18","buildId":"fd8442a5-d50c-4255-9126-3c897b4f4ad7","buildEnvironmentVariables":{"GOOGLE_NODE_RUN_SCRIPTS":""},"buildName":"projects/902404601495/locations/us-central1/builds/fd8442a5-d50c-4255-9126-3c897b4f4ad7","dockerRegistry":"ARTIFACT_REGISTRY"},"versionId":"4","updateTime":"2023-10-22T19:01:26Z","buildId":"7a5dd25d-3047-4e8b-b971-bd4afb391360","buildName":"projects/902404601495/locations/us-central1/builds/7a5dd25d-3047-4e8b-b971-bd4afb391360"}}
